{"C:\\Users\\khale\\ai-recruiter-interview\\backend\\src\\services\\interview-service.js": {"path":"C:\\Users\\khale\\ai-recruiter-interview\\backend\\src\\services\\interview-service.js","statementMap":{"0":{"start":{"line":13,"column":14},"end":{"line":13,"column":48}},"1":{"start":{"line":15,"column":18},"end":{"line":21,"column":1}},"2":{"start":{"line":24,"column":2},"end":{"line":24,"column":111}},"3":{"start":{"line":32,"column":2},"end":{"line":37,"column":5}},"4":{"start":{"line":40,"column":2},"end":{"line":46,"column":3}},"5":{"start":{"line":41,"column":4},"end":{"line":41,"column":74}},"6":{"start":{"line":42,"column":4},"end":{"line":45,"column":6}},"7":{"start":{"line":48,"column":2},"end":{"line":148,"column":3}},"8":{"start":{"line":50,"column":16},"end":{"line":50,"column":61}},"9":{"start":{"line":52,"column":4},"end":{"line":58,"column":5}},"10":{"start":{"line":53,"column":6},"end":{"line":56,"column":9}},"11":{"start":{"line":57,"column":6},"end":{"line":57,"column":57}},"12":{"start":{"line":61,"column":4},"end":{"line":71,"column":5}},"13":{"start":{"line":62,"column":6},"end":{"line":62,"column":53}},"14":{"start":{"line":63,"column":6},"end":{"line":63,"column":27}},"15":{"start":{"line":64,"column":6},"end":{"line":64,"column":23}},"16":{"start":{"line":65,"column":6},"end":{"line":65,"column":25}},"17":{"start":{"line":66,"column":6},"end":{"line":66,"column":59}},"18":{"start":{"line":68,"column":25},"end":{"line":68,"column":37}},"19":{"start":{"line":69,"column":6},"end":{"line":69,"column":70}},"20":{"start":{"line":70,"column":6},"end":{"line":70,"column":52}},"21":{"start":{"line":74,"column":4},"end":{"line":77,"column":5}},"22":{"start":{"line":75,"column":6},"end":{"line":75,"column":49}},"23":{"start":{"line":76,"column":6},"end":{"line":76,"column":71}},"24":{"start":{"line":80,"column":4},"end":{"line":86,"column":5}},"25":{"start":{"line":81,"column":6},"end":{"line":83,"column":9}},"26":{"start":{"line":84,"column":25},"end":{"line":84,"column":81}},"27":{"start":{"line":85,"column":6},"end":{"line":85,"column":63}},"28":{"start":{"line":88,"column":28},"end":{"line":88,"column":51}},"29":{"start":{"line":89,"column":4},"end":{"line":93,"column":7}},"30":{"start":{"line":97,"column":4},"end":{"line":110,"column":5}},"31":{"start":{"line":98,"column":6},"end":{"line":98,"column":75}},"32":{"start":{"line":99,"column":6},"end":{"line":102,"column":9}},"33":{"start":{"line":104,"column":6},"end":{"line":104,"column":69}},"34":{"start":{"line":105,"column":6},"end":{"line":109,"column":8}},"35":{"start":{"line":113,"column":4},"end":{"line":116,"column":5}},"36":{"start":{"line":114,"column":6},"end":{"line":114,"column":24}},"37":{"start":{"line":115,"column":6},"end":{"line":115,"column":75}},"38":{"start":{"line":119,"column":4},"end":{"line":124,"column":5}},"39":{"start":{"line":120,"column":6},"end":{"line":120,"column":24}},"40":{"start":{"line":121,"column":6},"end":{"line":121,"column":59}},"41":{"start":{"line":122,"column":6},"end":{"line":122,"column":41}},"42":{"start":{"line":123,"column":6},"end":{"line":123,"column":71}},"43":{"start":{"line":127,"column":25},"end":{"line":127,"column":48}},"44":{"start":{"line":128,"column":17},"end":{"line":128,"column":44}},"45":{"start":{"line":130,"column":4},"end":{"line":134,"column":5}},"46":{"start":{"line":131,"column":6},"end":{"line":131,"column":67}},"47":{"start":{"line":132,"column":11},"end":{"line":134,"column":5}},"48":{"start":{"line":133,"column":6},"end":{"line":133,"column":53}},"49":{"start":{"line":136,"column":4},"end":{"line":136,"column":57}},"50":{"start":{"line":138,"column":4},"end":{"line":142,"column":7}},"51":{"start":{"line":144,"column":4},"end":{"line":144,"column":74}},"52":{"start":{"line":146,"column":4},"end":{"line":146,"column":66}},"53":{"start":{"line":147,"column":4},"end":{"line":147,"column":16}},"54":{"start":{"line":152,"column":2},"end":{"line":154,"column":5}},"55":{"start":{"line":156,"column":2},"end":{"line":165,"column":3}},"56":{"start":{"line":157,"column":24},"end":{"line":157,"column":56}},"57":{"start":{"line":158,"column":4},"end":{"line":160,"column":7}},"58":{"start":{"line":161,"column":4},"end":{"line":161,"column":23}},"59":{"start":{"line":163,"column":4},"end":{"line":163,"column":62}},"60":{"start":{"line":164,"column":4},"end":{"line":164,"column":16}}},"fnMap":{"0":{"name":"processInterviewTranscript","decl":{"start":{"line":26,"column":22},"end":{"line":26,"column":48}},"loc":{"start":{"line":31,"column":2},"end":{"line":149,"column":1}},"line":31},"1":{"name":"generateInterviewAudio","decl":{"start":{"line":151,"column":22},"end":{"line":151,"column":44}},"loc":{"start":{"line":151,"column":57},"end":{"line":166,"column":1}},"line":151}},"branchMap":{"0":{"loc":{"start":{"line":30,"column":2},"end":{"line":30,"column":16}},"type":"default-arg","locations":[{"start":{"line":30,"column":11},"end":{"line":30,"column":16}}],"line":30},"1":{"loc":{"start":{"line":36,"column":22},"end":{"line":36,"column":49}},"type":"binary-expr","locations":[{"start":{"line":36,"column":22},"end":{"line":36,"column":44}},{"start":{"line":36,"column":48},"end":{"line":36,"column":49}}],"line":36},"2":{"loc":{"start":{"line":40,"column":2},"end":{"line":46,"column":3}},"type":"if","locations":[{"start":{"line":40,"column":2},"end":{"line":46,"column":3}},{"start":{},"end":{}}],"line":40},"3":{"loc":{"start":{"line":40,"column":6},"end":{"line":40,"column":31}},"type":"binary-expr","locations":[{"start":{"line":40,"column":6},"end":{"line":40,"column":16}},{"start":{"line":40,"column":20},"end":{"line":40,"column":31}}],"line":40},"4":{"loc":{"start":{"line":52,"column":4},"end":{"line":58,"column":5}},"type":"if","locations":[{"start":{"line":52,"column":4},"end":{"line":58,"column":5}},{"start":{},"end":{}}],"line":52},"5":{"loc":{"start":{"line":61,"column":4},"end":{"line":71,"column":5}},"type":"if","locations":[{"start":{"line":61,"column":4},"end":{"line":71,"column":5}},{"start":{},"end":{}}],"line":61},"6":{"loc":{"start":{"line":61,"column":8},"end":{"line":61,"column":32}},"type":"binary-expr","locations":[{"start":{"line":61,"column":8},"end":{"line":61,"column":14}},{"start":{"line":61,"column":18},"end":{"line":61,"column":32}}],"line":61},"7":{"loc":{"start":{"line":74,"column":4},"end":{"line":77,"column":5}},"type":"if","locations":[{"start":{"line":74,"column":4},"end":{"line":77,"column":5}},{"start":{},"end":{}}],"line":74},"8":{"loc":{"start":{"line":80,"column":4},"end":{"line":86,"column":5}},"type":"if","locations":[{"start":{"line":80,"column":4},"end":{"line":86,"column":5}},{"start":{},"end":{}}],"line":80},"9":{"loc":{"start":{"line":80,"column":8},"end":{"line":80,"column":55}},"type":"binary-expr","locations":[{"start":{"line":80,"column":8},"end":{"line":80,"column":23}},{"start":{"line":80,"column":27},"end":{"line":80,"column":55}}],"line":80},"10":{"loc":{"start":{"line":113,"column":4},"end":{"line":116,"column":5}},"type":"if","locations":[{"start":{"line":113,"column":4},"end":{"line":116,"column":5}},{"start":{},"end":{}}],"line":113},"11":{"loc":{"start":{"line":119,"column":4},"end":{"line":124,"column":5}},"type":"if","locations":[{"start":{"line":119,"column":4},"end":{"line":124,"column":5}},{"start":{},"end":{}}],"line":119},"12":{"loc":{"start":{"line":128,"column":17},"end":{"line":128,"column":44}},"type":"binary-expr","locations":[{"start":{"line":128,"column":17},"end":{"line":128,"column":38}},{"start":{"line":128,"column":42},"end":{"line":128,"column":44}}],"line":128},"13":{"loc":{"start":{"line":130,"column":4},"end":{"line":134,"column":5}},"type":"if","locations":[{"start":{"line":130,"column":4},"end":{"line":134,"column":5}},{"start":{"line":132,"column":11},"end":{"line":134,"column":5}}],"line":130},"14":{"loc":{"start":{"line":131,"column":15},"end":{"line":131,"column":66}},"type":"cond-expr","locations":[{"start":{"line":131,"column":24},"end":{"line":131,"column":51}},{"start":{"line":131,"column":54},"end":{"line":131,"column":66}}],"line":131},"15":{"loc":{"start":{"line":132,"column":11},"end":{"line":134,"column":5}},"type":"if","locations":[{"start":{"line":132,"column":11},"end":{"line":134,"column":5}},{"start":{},"end":{}}],"line":132},"16":{"loc":{"start":{"line":153,"column":16},"end":{"line":153,"column":39}},"type":"binary-expr","locations":[{"start":{"line":153,"column":16},"end":{"line":153,"column":34}},{"start":{"line":153,"column":38},"end":{"line":153,"column":39}}],"line":153}},"s":{"0":2,"1":2,"2":2,"3":17,"4":17,"5":2,"6":2,"7":15,"8":15,"9":15,"10":4,"11":4,"12":15,"13":4,"14":4,"15":4,"16":4,"17":4,"18":4,"19":4,"20":4,"21":11,"22":0,"23":0,"24":11,"25":1,"26":1,"27":1,"28":10,"29":10,"30":10,"31":10,"32":9,"33":1,"34":1,"35":10,"36":8,"37":8,"38":10,"39":3,"40":3,"41":3,"42":3,"43":7,"44":7,"45":17,"46":5,"47":2,"48":2,"49":7,"50":7,"51":7,"52":0,"53":0,"54":0,"55":0,"56":0,"57":0,"58":0,"59":0,"60":0},"f":{"0":17,"1":0},"b":{"0":[17],"1":[17,5],"2":[2,15],"3":[17,16],"4":[4,11],"5":[4,11],"6":[15,11],"7":[0,11],"8":[1,10],"9":[11,10],"10":[8,2],"11":[3,7],"12":[7,2],"13":[5,2],"14":[5,0],"15":[2,0],"16":[0,0]},"meta":{"lastBranch":17,"lastFunction":2,"lastStatement":61,"seen":{"s:13:14:13:48":0,"s:15:18:21:1":1,"s:24:2:24:111":2,"f:26:22:26:48":0,"b:30:11:30:16":0,"s:32:2:37:5":3,"b:36:22:36:44:36:48:36:49":1,"b:40:2:46:3:undefined:undefined:undefined:undefined":2,"s:40:2:46:3":4,"b:40:6:40:16:40:20:40:31":3,"s:41:4:41:74":5,"s:42:4:45:6":6,"s:48:2:148:3":7,"s:50:16:50:61":8,"b:52:4:58:5:undefined:undefined:undefined:undefined":4,"s:52:4:58:5":9,"s:53:6:56:9":10,"s:57:6:57:57":11,"b:61:4:71:5:undefined:undefined:undefined:undefined":5,"s:61:4:71:5":12,"b:61:8:61:14:61:18:61:32":6,"s:62:6:62:53":13,"s:63:6:63:27":14,"s:64:6:64:23":15,"s:65:6:65:25":16,"s:66:6:66:59":17,"s:68:25:68:37":18,"s:69:6:69:70":19,"s:70:6:70:52":20,"b:74:4:77:5:undefined:undefined:undefined:undefined":7,"s:74:4:77:5":21,"s:75:6:75:49":22,"s:76:6:76:71":23,"b:80:4:86:5:undefined:undefined:undefined:undefined":8,"s:80:4:86:5":24,"b:80:8:80:23:80:27:80:55":9,"s:81:6:83:9":25,"s:84:25:84:81":26,"s:85:6:85:63":27,"s:88:28:88:51":28,"s:89:4:93:7":29,"s:97:4:110:5":30,"s:98:6:98:75":31,"s:99:6:102:9":32,"s:104:6:104:69":33,"s:105:6:109:8":34,"b:113:4:116:5:undefined:undefined:undefined:undefined":10,"s:113:4:116:5":35,"s:114:6:114:24":36,"s:115:6:115:75":37,"b:119:4:124:5:undefined:undefined:undefined:undefined":11,"s:119:4:124:5":38,"s:120:6:120:24":39,"s:121:6:121:59":40,"s:122:6:122:41":41,"s:123:6:123:71":42,"s:127:25:127:48":43,"s:128:17:128:44":44,"b:128:17:128:38:128:42:128:44":12,"b:130:4:134:5:132:11:134:5":13,"s:130:4:134:5":45,"s:131:6:131:67":46,"b:131:24:131:51:131:54:131:66":14,"b:132:11:134:5:undefined:undefined:undefined:undefined":15,"s:132:11:134:5":47,"s:133:6:133:53":48,"s:136:4:136:57":49,"s:138:4:142:7":50,"s:144:4:144:74":51,"s:146:4:146:66":52,"s:147:4:147:16":53,"f:151:22:151:44":1,"s:152:2:154:5":54,"b:153:16:153:34:153:38:153:39":16,"s:156:2:165:3":55,"s:157:24:157:56":56,"s:158:4:160:7":57,"s:161:4:161:23":58,"s:163:4:163:62":59,"s:164:4:164:16":60}}}
,"C:\\Users\\khale\\ai-recruiter-interview\\backend\\src\\services\\polly-service.js": {"path":"C:\\Users\\khale\\ai-recruiter-interview\\backend\\src\\services\\polly-service.js","statementMap":{"0":{"start":{"line":9,"column":14},"end":{"line":9,"column":44}},"1":{"start":{"line":10,"column":14},"end":{"line":10,"column":56}},"2":{"start":{"line":13,"column":2},"end":{"line":16,"column":3}},"3":{"start":{"line":14,"column":4},"end":{"line":14,"column":57}},"4":{"start":{"line":15,"column":4},"end":{"line":15,"column":27}},"5":{"start":{"line":18,"column":2},"end":{"line":18,"column":65}},"6":{"start":{"line":20,"column":18},"end":{"line":25,"column":4}},"7":{"start":{"line":27,"column":2},"end":{"line":47,"column":3}},"8":{"start":{"line":28,"column":21},"end":{"line":28,"column":46}},"9":{"start":{"line":29,"column":19},"end":{"line":29,"column":21}},"10":{"start":{"line":31,"column":4},"end":{"line":33,"column":5}},"11":{"start":{"line":32,"column":6},"end":{"line":32,"column":25}},"12":{"start":{"line":35,"column":24},"end":{"line":35,"column":45}},"13":{"start":{"line":36,"column":4},"end":{"line":38,"column":7}},"14":{"start":{"line":39,"column":4},"end":{"line":39,"column":23}},"15":{"start":{"line":41,"column":4},"end":{"line":41,"column":58}},"16":{"start":{"line":42,"column":4},"end":{"line":46,"column":6}}},"fnMap":{"0":{"name":"generateSpeech","decl":{"start":{"line":12,"column":22},"end":{"line":12,"column":36}},"loc":{"start":{"line":12,"column":43},"end":{"line":48,"column":1}},"line":12}},"branchMap":{"0":{"loc":{"start":{"line":13,"column":2},"end":{"line":16,"column":3}},"type":"if","locations":[{"start":{"line":13,"column":2},"end":{"line":16,"column":3}},{"start":{},"end":{}}],"line":13},"1":{"loc":{"start":{"line":13,"column":6},"end":{"line":13,"column":39}},"type":"binary-expr","locations":[{"start":{"line":13,"column":6},"end":{"line":13,"column":11}},{"start":{"line":13,"column":15},"end":{"line":13,"column":39}}],"line":13}},"s":{"0":2,"1":2,"2":0,"3":0,"4":0,"5":0,"6":0,"7":0,"8":0,"9":0,"10":0,"11":0,"12":0,"13":0,"14":0,"15":0,"16":0},"f":{"0":0},"b":{"0":[0,0],"1":[0,0]},"meta":{"lastBranch":2,"lastFunction":1,"lastStatement":17,"seen":{"s:9:14:9:44":0,"s:10:14:10:56":1,"f:12:22:12:36":0,"b:13:2:16:3:undefined:undefined:undefined:undefined":0,"s:13:2:16:3":2,"b:13:6:13:11:13:15:13:39":1,"s:14:4:14:57":3,"s:15:4:15:27":4,"s:18:2:18:65":5,"s:20:18:25:4":6,"s:27:2:47:3":7,"s:28:21:28:46":8,"s:29:19:29:21":9,"s:31:4:33:5":10,"s:32:6:32:25":11,"s:35:24:35:45":12,"s:36:4:38:7":13,"s:39:4:39:23":14,"s:41:4:41:58":15,"s:42:4:46:6":16}}}
,"C:\\Users\\khale\\ai-recruiter-interview\\backend\\src\\utils\\config.js": {"path":"C:\\Users\\khale\\ai-recruiter-interview\\backend\\src\\utils\\config.js","statementMap":{"0":{"start":{"line":6,"column":6},"end":{"line":6,"column":null}},"1":{"start":{"line":8,"column":15},"end":{"line":17,"column":null}},"2":{"start":{"line":20,"column":24},"end":{"line":20,"column":null}},"3":{"start":{"line":21,"column":16},"end":{"line":23,"column":null}},"4":{"start":{"line":22,"column":11},"end":{"line":22,"column":null}},"5":{"start":{"line":25,"column":0},"end":{"line":27,"column":null}},"6":{"start":{"line":26,"column":2},"end":{"line":26,"column":null}},"7":{"start":{"line":29,"column":0},"end":{"line":34,"column":null}}},"fnMap":{"0":{"name":"(anonymous_0)","decl":{"start":{"line":22,"column":2},"end":{"line":22,"column":3}},"loc":{"start":{"line":22,"column":11},"end":{"line":22,"column":null}},"line":22}},"branchMap":{"0":{"loc":{"start":{"line":9,"column":17},"end":{"line":9,"column":41}},"type":"binary-expr","locations":[{"start":{"line":9,"column":17},"end":{"line":9,"column":37}},{"start":{"line":9,"column":37},"end":{"line":9,"column":41}}],"line":9},"1":{"loc":{"start":{"line":10,"column":10},"end":{"line":10,"column":null}},"type":"binary-expr","locations":[{"start":{"line":10,"column":10},"end":{"line":10,"column":36}},{"start":{"line":10,"column":36},"end":{"line":10,"column":null}}],"line":10},"2":{"loc":{"start":{"line":11,"column":16},"end":{"line":11,"column":null}},"type":"binary-expr","locations":[{"start":{"line":11,"column":16},"end":{"line":11,"column":45}},{"start":{"line":11,"column":45},"end":{"line":11,"column":null}}],"line":11},"3":{"loc":{"start":{"line":12,"column":18},"end":{"line":12,"column":null}},"type":"binary-expr","locations":[{"start":{"line":12,"column":18},"end":{"line":12,"column":50}},{"start":{"line":12,"column":50},"end":{"line":12,"column":null}}],"line":12},"4":{"loc":{"start":{"line":13,"column":15},"end":{"line":13,"column":null}},"type":"binary-expr","locations":[{"start":{"line":13,"column":15},"end":{"line":13,"column":45}},{"start":{"line":13,"column":45},"end":{"line":13,"column":null}}],"line":13},"5":{"loc":{"start":{"line":14,"column":14},"end":{"line":14,"column":null}},"type":"binary-expr","locations":[{"start":{"line":14,"column":14},"end":{"line":14,"column":42}},{"start":{"line":14,"column":42},"end":{"line":14,"column":null}}],"line":14},"6":{"loc":{"start":{"line":15,"column":12},"end":{"line":15,"column":null}},"type":"binary-expr","locations":[{"start":{"line":15,"column":12},"end":{"line":15,"column":37}},{"start":{"line":15,"column":37},"end":{"line":15,"column":null}}],"line":15},"7":{"loc":{"start":{"line":16,"column":15},"end":{"line":16,"column":null}},"type":"binary-expr","locations":[{"start":{"line":16,"column":15},"end":{"line":16,"column":39}},{"start":{"line":16,"column":39},"end":{"line":16,"column":null}}],"line":16},"8":{"loc":{"start":{"line":25,"column":0},"end":{"line":27,"column":null}},"type":"if","locations":[{"start":{"line":25,"column":0},"end":{"line":27,"column":null}},{"start":{},"end":{}}],"line":25}},"s":{"0":3,"1":3,"2":3,"3":3,"4":3,"5":3,"6":3,"7":3},"f":{"0":3},"b":{"0":[3,3],"1":[3,3],"2":[3,3],"3":[3,3],"4":[3,3],"5":[3,3],"6":[3,3],"7":[3,0],"8":[3,0]},"meta":{"lastBranch":9,"lastFunction":1,"lastStatement":8,"seen":{"s:6:6:6:Infinity":0,"s:8:15:17:Infinity":1,"b:9:17:9:37:9:37:9:41":0,"b:10:10:10:36:10:36:10:Infinity":1,"b:11:16:11:45:11:45:11:Infinity":2,"b:12:18:12:50:12:50:12:Infinity":3,"b:13:15:13:45:13:45:13:Infinity":4,"b:14:14:14:42:14:42:14:Infinity":5,"b:15:12:15:37:15:37:15:Infinity":6,"b:16:15:16:39:16:39:16:Infinity":7,"s:20:24:20:Infinity":2,"s:21:16:23:Infinity":3,"f:22:2:22:3":0,"s:22:11:22:Infinity":4,"b:25:0:27:Infinity:undefined:undefined:undefined:undefined":8,"s:25:0:27:Infinity":5,"s:26:2:26:Infinity":6,"s:29:0:34:Infinity":7}}}
,"C:\\Users\\khale\\ai-recruiter-interview\\backend\\src\\utils\\errors.js": {"path":"C:\\Users\\khale\\ai-recruiter-interview\\backend\\src\\utils\\errors.js","statementMap":{"0":{"start":{"line":6,"column":4},"end":{"line":6,"column":19}},"1":{"start":{"line":7,"column":4},"end":{"line":7,"column":33}},"2":{"start":{"line":8,"column":4},"end":{"line":8,"column":21}},"3":{"start":{"line":9,"column":4},"end":{"line":9,"column":33}},"4":{"start":{"line":15,"column":4},"end":{"line":15,"column":44}},"5":{"start":{"line":16,"column":4},"end":{"line":16,"column":34}},"6":{"start":{"line":17,"column":4},"end":{"line":17,"column":23}},"7":{"start":{"line":23,"column":4},"end":{"line":23,"column":37}},"8":{"start":{"line":24,"column":4},"end":{"line":24,"column":32}},"9":{"start":{"line":25,"column":4},"end":{"line":25,"column":29}},"10":{"start":{"line":31,"column":4},"end":{"line":31,"column":37}},"11":{"start":{"line":32,"column":4},"end":{"line":32,"column":27}},"12":{"start":{"line":33,"column":4},"end":{"line":33,"column":27}},"13":{"start":{"line":34,"column":4},"end":{"line":34,"column":39}}},"fnMap":{"0":{"name":"(anonymous_0)","decl":{"start":{"line":5,"column":2},"end":{"line":5,"column":13}},"loc":{"start":{"line":5,"column":67},"end":{"line":10,"column":3}},"line":5},"1":{"name":"(anonymous_1)","decl":{"start":{"line":14,"column":2},"end":{"line":14,"column":13}},"loc":{"start":{"line":14,"column":37},"end":{"line":18,"column":3}},"line":14},"2":{"name":"(anonymous_2)","decl":{"start":{"line":22,"column":2},"end":{"line":22,"column":13}},"loc":{"start":{"line":22,"column":40},"end":{"line":26,"column":3}},"line":22},"3":{"name":"(anonymous_3)","decl":{"start":{"line":30,"column":2},"end":{"line":30,"column":13}},"loc":{"start":{"line":30,"column":61},"end":{"line":35,"column":3}},"line":30}},"branchMap":{"0":{"loc":{"start":{"line":5,"column":23},"end":{"line":5,"column":47}},"type":"default-arg","locations":[{"start":{"line":5,"column":30},"end":{"line":5,"column":47}}],"line":5},"1":{"loc":{"start":{"line":5,"column":49},"end":{"line":5,"column":65}},"type":"default-arg","locations":[{"start":{"line":5,"column":62},"end":{"line":5,"column":65}}],"line":5},"2":{"loc":{"start":{"line":14,"column":23},"end":{"line":14,"column":35}},"type":"default-arg","locations":[{"start":{"line":14,"column":31},"end":{"line":14,"column":35}}],"line":14},"3":{"loc":{"start":{"line":22,"column":23},"end":{"line":22,"column":38}},"type":"default-arg","locations":[{"start":{"line":22,"column":34},"end":{"line":22,"column":38}}],"line":22},"4":{"loc":{"start":{"line":30,"column":23},"end":{"line":30,"column":37}},"type":"default-arg","locations":[{"start":{"line":30,"column":33},"end":{"line":30,"column":37}}],"line":30},"5":{"loc":{"start":{"line":30,"column":39},"end":{"line":30,"column":59}},"type":"default-arg","locations":[{"start":{"line":30,"column":55},"end":{"line":30,"column":59}}],"line":30}},"s":{"0":11,"1":11,"2":11,"3":11,"4":4,"5":4,"6":4,"7":2,"8":2,"9":2,"10":2,"11":2,"12":2,"13":2},"f":{"0":11,"1":4,"2":2,"3":2},"b":{"0":[11],"1":[11],"2":[4],"3":[2],"4":[2],"5":[2]},"meta":{"lastBranch":6,"lastFunction":4,"lastStatement":14,"seen":{"f:5:2:5:13":0,"b:5:30:5:47":0,"b:5:62:5:65":1,"s:6:4:6:19":0,"s:7:4:7:33":1,"s:8:4:8:21":2,"s:9:4:9:33":3,"f:14:2:14:13":1,"b:14:31:14:35":2,"s:15:4:15:44":4,"s:16:4:16:34":5,"s:17:4:17:23":6,"f:22:2:22:13":2,"b:22:34:22:38":3,"s:23:4:23:37":7,"s:24:4:24:32":8,"s:25:4:25:29":9,"f:30:2:30:13":3,"b:30:33:30:37":4,"b:30:55:30:59":5,"s:31:4:31:37":10,"s:32:4:32:27":11,"s:33:4:33:27":12,"s:34:4:34:39":13}}}
,"C:\\Users\\khale\\ai-recruiter-interview\\backend\\src\\utils\\logger.js": {"path":"C:\\Users\\khale\\ai-recruiter-interview\\backend\\src\\utils\\logger.js","statementMap":{"0":{"start":{"line":4,"column":19},"end":{"line":10,"column":1}},"1":{"start":{"line":12,"column":26},"end":{"line":12,"column":57}},"2":{"start":{"line":14,"column":21},"end":{"line":20,"column":1}},"3":{"start":{"line":24,"column":4},"end":{"line":24,"column":25}},"4":{"start":{"line":28,"column":22},"end":{"line":28,"column":46}},"5":{"start":{"line":29,"column":21},"end":{"line":35,"column":5}},"6":{"start":{"line":36,"column":4},"end":{"line":36,"column":20}},"7":{"start":{"line":40,"column":4},"end":{"line":40,"column":66}},"8":{"start":{"line":44,"column":4},"end":{"line":44,"column":39}},"9":{"start":{"line":44,"column":32},"end":{"line":44,"column":39}},"10":{"start":{"line":46,"column":21},"end":{"line":46,"column":57}},"11":{"start":{"line":47,"column":22},"end":{"line":47,"column":108}},"12":{"start":{"line":49,"column":4},"end":{"line":53,"column":5}},"13":{"start":{"line":50,"column":6},"end":{"line":50,"column":69}},"14":{"start":{"line":52,"column":6},"end":{"line":52,"column":29}},"15":{"start":{"line":57,"column":17},"end":{"line":57,"column":76}},"16":{"start":{"line":58,"column":4},"end":{"line":58,"column":46}},"17":{"start":{"line":62,"column":4},"end":{"line":62,"column":45}},"18":{"start":{"line":66,"column":4},"end":{"line":66,"column":45}},"19":{"start":{"line":70,"column":4},"end":{"line":70,"column":46}},"20":{"start":{"line":74,"column":4},"end":{"line":74,"column":46}},"21":{"start":{"line":79,"column":2},"end":{"line":79,"column":28}}},"fnMap":{"0":{"name":"(anonymous_0)","decl":{"start":{"line":23,"column":2},"end":{"line":23,"column":13}},"loc":{"start":{"line":23,"column":22},"end":{"line":25,"column":3}},"line":23},"1":{"name":"(anonymous_1)","decl":{"start":{"line":27,"column":2},"end":{"line":27,"column":11}},"loc":{"start":{"line":27,"column":41},"end":{"line":37,"column":3}},"line":27},"2":{"name":"(anonymous_2)","decl":{"start":{"line":39,"column":2},"end":{"line":39,"column":11}},"loc":{"start":{"line":39,"column":19},"end":{"line":41,"column":3}},"line":39},"3":{"name":"(anonymous_3)","decl":{"start":{"line":43,"column":2},"end":{"line":43,"column":5}},"loc":{"start":{"line":43,"column":35},"end":{"line":54,"column":3}},"line":43},"4":{"name":"(anonymous_4)","decl":{"start":{"line":56,"column":2},"end":{"line":56,"column":7}},"loc":{"start":{"line":56,"column":31},"end":{"line":59,"column":3}},"line":56},"5":{"name":"(anonymous_5)","decl":{"start":{"line":61,"column":2},"end":{"line":61,"column":6}},"loc":{"start":{"line":61,"column":29},"end":{"line":63,"column":3}},"line":61},"6":{"name":"(anonymous_6)","decl":{"start":{"line":65,"column":2},"end":{"line":65,"column":6}},"loc":{"start":{"line":65,"column":29},"end":{"line":67,"column":3}},"line":65},"7":{"name":"(anonymous_7)","decl":{"start":{"line":69,"column":2},"end":{"line":69,"column":7}},"loc":{"start":{"line":69,"column":30},"end":{"line":71,"column":3}},"line":69},"8":{"name":"(anonymous_8)","decl":{"start":{"line":73,"column":2},"end":{"line":73,"column":7}},"loc":{"start":{"line":73,"column":30},"end":{"line":75,"column":3}},"line":73},"9":{"name":"createLogger","decl":{"start":{"line":78,"column":16},"end":{"line":78,"column":28}},"loc":{"start":{"line":78,"column":37},"end":{"line":80,"column":1}},"line":78}},"branchMap":{"0":{"loc":{"start":{"line":12,"column":26},"end":{"line":12,"column":57}},"type":"binary-expr","locations":[{"start":{"line":12,"column":26},"end":{"line":12,"column":47}},{"start":{"line":12,"column":51},"end":{"line":12,"column":57}}],"line":12},"1":{"loc":{"start":{"line":27,"column":28},"end":{"line":27,"column":39}},"type":"default-arg","locations":[{"start":{"line":27,"column":35},"end":{"line":27,"column":39}}],"line":27},"2":{"loc":{"start":{"line":34,"column":10},"end":{"line":34,"column":26}},"type":"binary-expr","locations":[{"start":{"line":34,"column":10},"end":{"line":34,"column":14}},{"start":{"line":34,"column":18},"end":{"line":34,"column":26}}],"line":34},"3":{"loc":{"start":{"line":43,"column":22},"end":{"line":43,"column":33}},"type":"default-arg","locations":[{"start":{"line":43,"column":29},"end":{"line":43,"column":33}}],"line":43},"4":{"loc":{"start":{"line":44,"column":4},"end":{"line":44,"column":39}},"type":"if","locations":[{"start":{"line":44,"column":4},"end":{"line":44,"column":39}},{"start":{},"end":{}}],"line":44},"5":{"loc":{"start":{"line":49,"column":4},"end":{"line":53,"column":5}},"type":"if","locations":[{"start":{"line":49,"column":4},"end":{"line":53,"column":5}},{"start":{"line":51,"column":11},"end":{"line":53,"column":5}}],"line":49},"6":{"loc":{"start":{"line":56,"column":17},"end":{"line":56,"column":29}},"type":"default-arg","locations":[{"start":{"line":56,"column":25},"end":{"line":56,"column":29}}],"line":56},"7":{"loc":{"start":{"line":57,"column":17},"end":{"line":57,"column":76}},"type":"cond-expr","locations":[{"start":{"line":57,"column":25},"end":{"line":57,"column":69}},{"start":{"line":57,"column":72},"end":{"line":57,"column":76}}],"line":57},"8":{"loc":{"start":{"line":61,"column":16},"end":{"line":61,"column":27}},"type":"default-arg","locations":[{"start":{"line":61,"column":23},"end":{"line":61,"column":27}}],"line":61},"9":{"loc":{"start":{"line":65,"column":16},"end":{"line":65,"column":27}},"type":"default-arg","locations":[{"start":{"line":65,"column":23},"end":{"line":65,"column":27}}],"line":65},"10":{"loc":{"start":{"line":69,"column":17},"end":{"line":69,"column":28}},"type":"default-arg","locations":[{"start":{"line":69,"column":24},"end":{"line":69,"column":28}}],"line":69},"11":{"loc":{"start":{"line":73,"column":17},"end":{"line":73,"column":28}},"type":"default-arg","locations":[{"start":{"line":73,"column":24},"end":{"line":73,"column":28}}],"line":73}},"s":{"0":1,"1":1,"2":1,"3":1,"4":2,"5":2,"6":2,"7":2,"8":2,"9":0,"10":2,"11":2,"12":2,"13":2,"14":0,"15":0,"16":0,"17":1,"18":1,"19":0,"20":0,"21":1},"f":{"0":1,"1":2,"2":2,"3":2,"4":0,"5":1,"6":1,"7":0,"8":0,"9":1},"b":{"0":[1,1],"1":[2],"2":[2,2],"3":[2],"4":[0,2],"5":[2,0],"6":[0],"7":[0,0],"8":[1],"9":[1],"10":[0],"11":[0]},"meta":{"lastBranch":12,"lastFunction":10,"lastStatement":22,"seen":{"s:4:19:10:1":0,"s:12:26:12:57":1,"b:12:26:12:47:12:51:12:57":0,"s:14:21:20:1":2,"f:23:2:23:13":0,"s:24:4:24:25":3,"f:27:2:27:11":1,"b:27:35:27:39":1,"s:28:22:28:46":4,"s:29:21:35:5":5,"b:34:10:34:14:34:18:34:26":2,"s:36:4:36:20":6,"f:39:2:39:11":2,"s:40:4:40:66":7,"f:43:2:43:5":3,"b:43:29:43:33":3,"b:44:4:44:39:undefined:undefined:undefined:undefined":4,"s:44:4:44:39":8,"s:44:32:44:39":9,"s:46:21:46:57":10,"s:47:22:47:108":11,"b:49:4:53:5:51:11:53:5":5,"s:49:4:53:5":12,"s:50:6:50:69":13,"s:52:6:52:29":14,"f:56:2:56:7":4,"b:56:25:56:29":6,"s:57:17:57:76":15,"b:57:25:57:69:57:72:57:76":7,"s:58:4:58:46":16,"f:61:2:61:6":5,"b:61:23:61:27":8,"s:62:4:62:45":17,"f:65:2:65:6":6,"b:65:23:65:27":9,"s:66:4:66:45":18,"f:69:2:69:7":7,"b:69:24:69:28":10,"s:70:4:70:46":19,"f:73:2:73:7":8,"b:73:24:73:28":11,"s:74:4:74:46":20,"f:78:16:78:28":9,"s:79:2:79:28":21}}}
}
